build/app/intermediates/manifest_merge_blame_file/debug/manifest-merger-blame-debug-report.txt
1<?xml version="1.0" encoding="utf-8"?>
2<manifest xmlns:android="http://schemas.android.com/apk/res/android"
3    package="com.example.podly"
4    android:versionCode="1"
5    android:versionName="1.0.0" >
6
7    <uses-sdk
8        android:minSdkVersion="21"
9        android:targetSdkVersion="34" />
10    <!--
11         The INTERNET permission is required for development. Specifically,
12         the Flutter tool needs it to communicate with the running application
13         to allow setting breakpoints, to provide hot reload, etc.
14    -->
15    <uses-permission android:name="android.permission.INTERNET" />
15-->src\debug\AndroidManifest.xml:6:5-66
15-->src\debug\AndroidManifest.xml:6:22-64
16    <uses-permission android:name="android.permission.WAKE_LOCK" />
16-->src\main\AndroidManifest.xml:3:5-67
16-->src\main\AndroidManifest.xml:3:22-65
17    <uses-permission android:name="android.permission.FOREGROUND_SERVICE" /> <!-- ALSO ADD THIS PERMISSION IF TARGETING SDK 34 -->
17-->src\main\AndroidManifest.xml:4:5-76
17-->src\main\AndroidManifest.xml:4:22-74
18    <uses-permission android:name="android.permission.FOREGROUND_SERVICE_MEDIA_PLAYBACK" />
18-->src\main\AndroidManifest.xml:6:5-91
18-->src\main\AndroidManifest.xml:6:22-89
19    <!--
20 Required to query activities that can process text, see:
21         https://developer.android.com/training/package-visibility and
22         https://developer.android.com/reference/android/content/Intent#ACTION_PROCESS_TEXT.
23
24         In particular, this is used by the Flutter engine in io.flutter.plugin.text.ProcessTextPlugin.
25    -->
26    <queries>
26-->src\main\AndroidManifest.xml:64:5-70:15
27        <intent>
27-->src\main\AndroidManifest.xml:65:9-69:18
28            <action android:name="android.intent.action.PROCESS_TEXT" />
28-->src\main\AndroidManifest.xml:66:13-72
28-->src\main\AndroidManifest.xml:66:21-70
29            <action android:name="android.intent.action.TTS_SERVICE" />
29-->src\main\AndroidManifest.xml:67:13-72
29-->src\main\AndroidManifest.xml:67:21-69
30
31            <data android:mimeType="text/plain" />
31-->src\main\AndroidManifest.xml:68:13-50
31-->src\main\AndroidManifest.xml:68:19-48
32        </intent>
33        <intent>
33-->[:file_picker] AndroidManifest.xml:14:9-18:18
34            <action android:name="android.intent.action.GET_CONTENT" />
34-->[:file_picker] AndroidManifest.xml:15:13-72
34-->[:file_picker] AndroidManifest.xml:15:21-69
35
36            <data android:mimeType="*/*" />
36-->src\main\AndroidManifest.xml:68:13-50
36-->src\main\AndroidManifest.xml:68:19-48
37        </intent>
38        <intent>
38-->[androidx.media2:media2-session:1.2.1] AndroidManifest.xml:25:9-27:18
39            <action android:name="android.media.browse.MediaBrowserService" />
39-->[androidx.media2:media2-session:1.2.1] AndroidManifest.xml:26:13-79
39-->[androidx.media2:media2-session:1.2.1] AndroidManifest.xml:26:21-76
40        </intent>
41        <intent>
41-->[androidx.media2:media2-session:1.2.1] AndroidManifest.xml:28:9-30:18
42            <action android:name="androidx.media2.session.MediaSessionService" />
42-->[androidx.media2:media2-session:1.2.1] AndroidManifest.xml:29:13-82
42-->[androidx.media2:media2-session:1.2.1] AndroidManifest.xml:29:21-79
43        </intent>
44        <intent>
44-->[androidx.media2:media2-session:1.2.1] AndroidManifest.xml:31:9-33:18
45            <action android:name="androidx.media2.session.MediaLibraryService" />
45-->[androidx.media2:media2-session:1.2.1] AndroidManifest.xml:32:13-82
45-->[androidx.media2:media2-session:1.2.1] AndroidManifest.xml:32:21-79
46        </intent>
47    </queries>
48
49    <uses-permission
49-->[:file_picker] AndroidManifest.xml:9:5-11:38
50        android:name="android.permission.READ_EXTERNAL_STORAGE"
50-->[:file_picker] AndroidManifest.xml:10:9-64
51        android:maxSdkVersion="32" />
51-->[:file_picker] AndroidManifest.xml:11:9-35
52    <uses-permission android:name="android.permission.ACCESS_NETWORK_STATE" />
52-->[com.google.android.exoplayer:exoplayer-core:2.18.7] AndroidManifest.xml:24:5-79
52-->[com.google.android.exoplayer:exoplayer-core:2.18.7] AndroidManifest.xml:24:22-76
53
54    <permission
54-->[androidx.core:core:1.13.1] AndroidManifest.xml:22:5-24:47
55        android:name="com.example.podly.DYNAMIC_RECEIVER_NOT_EXPORTED_PERMISSION"
55-->[androidx.core:core:1.13.1] AndroidManifest.xml:23:9-81
56        android:protectionLevel="signature" />
56-->[androidx.core:core:1.13.1] AndroidManifest.xml:24:9-44
57
58    <uses-permission android:name="com.example.podly.DYNAMIC_RECEIVER_NOT_EXPORTED_PERMISSION" />
58-->[androidx.core:core:1.13.1] AndroidManifest.xml:26:5-97
58-->[androidx.core:core:1.13.1] AndroidManifest.xml:26:22-94
59
60    <application
61        android:name="android.app.Application"
62        android:debuggable="true"
63        android:icon="@mipmap/ic_launcher"
64        android:label="podly"
65        android:usesCleartextTraffic="true" >
66        <activity
67            android:name="com.ryanheise.audioservice.AudioServiceActivity"
68            android:configChanges="orientation|keyboardHidden|keyboard|screenSize|smallestScreenSize|locale|layoutDirection|fontScale|screenLayout|density|uiMode"
69            android:exported="true"
70            android:hardwareAccelerated="true"
71            android:launchMode="singleTop"
72            android:taskAffinity=""
73            android:theme="@style/LaunchTheme"
74            android:windowSoftInputMode="adjustResize" >
75
76            <!--
77                 Specifies an Android theme to apply to this Activity as soon as
78                 the Android process has started. This theme is visible to the user
79                 while the Flutter UI initializes. After that, this theme continues
80                 to determine the Window background behind the Flutter UI.
81            -->
82            <meta-data
83                android:name="io.flutter.embedding.android.NormalTheme"
84                android:resource="@style/NormalTheme" />
85
86            <intent-filter>
87                <action android:name="android.intent.action.MAIN" />
88
89                <category android:name="android.intent.category.LAUNCHER" />
90            </intent-filter>
91        </activity>
92        <!--
93             Don't delete the meta-data below.
94             This is used by the Flutter tool to generate GeneratedPluginRegistrant.java
95        -->
96        <meta-data
97            android:name="flutterEmbedding"
98            android:value="2" />
99
100        <service
101            android:name="com.ryanheise.audioservice.AudioService"
102            android:exported="true"
103            android:foregroundServiceType="mediaPlayback" >
104            <intent-filter>
105                <action android:name="android.media.browse.MediaBrowserService" />
105-->[androidx.media2:media2-session:1.2.1] AndroidManifest.xml:26:13-79
105-->[androidx.media2:media2-session:1.2.1] AndroidManifest.xml:26:21-76
106            </intent-filter>
107        </service>
108
109        <!-- ADD THIS "RECEIVER" element -->
110        <receiver
111            android:name="com.ryanheise.audioservice.MediaButtonReceiver"
112            android:exported="true" >
113            <intent-filter>
114                <action android:name="android.intent.action.MEDIA_BUTTON" />
115            </intent-filter>
116        </receiver>
117    </application>
118
119</manifest>